Der Buildvorgang wurde am 25.04.2014 12:45:21 gestartet.
Projekt "C:\Users\HCI2\Desktop\assignment2_1\assignment2.vcxproj" auf Knoten "2", build Ziel(e).
InitializeBuildStatus:
  "Debug\assignment2.unsuccessfulbuild" wird erstellt, da "AlwaysCreate" angegeben wurde.
ClCompile:
  C:\Program Files\Microsoft Visual Studio 10.0\VC\bin\CL.exe /c /I"C:\Program Files\OpenNI\Include" /IC:\opencv\build\include /ZI /nologo /W3 /WX- /Od /Oy- /D WIN32 /D _DEBUG /D _CONSOLE /D _UNICODE /D UNICODE /Gm /EHsc /RTC1 /MDd /GS /fp:precise /Zc:wchar_t /Zc:forScope /Fo"Debug\\" /Fd"Debug\vc100.pdb" /Gd /TP /analyze- /errorReport:prompt Application.cpp
  Application.cpp
ManifestResourceCompile:
  Alle Ausgaben sind aktuell.
Link:
  C:\Program Files\Microsoft Visual Studio 10.0\VC\bin\link.exe /ERRORREPORT:PROMPT /OUT:"C:\Users\HCI2\Desktop\assignment2_1\Debug\assignment2.exe" /INCREMENTAL /NOLOGO /LIBPATH:"C:\Program Files\OpenNI\Lib" /LIBPATH:C:\opencv\build\x86\vc10\lib OpenNI.lib opencv_core231d.lib opencv_imgproc231d.lib opencv_highgui231d.lib opencv_video231d.lib kernel32.lib user32.lib gdi32.lib winspool.lib comdlg32.lib advapi32.lib shell32.lib ole32.lib oleaut32.lib uuid.lib odbc32.lib odbccp32.lib kernel32.lib user32.lib gdi32.lib winspool.lib comdlg32.lib advapi32.lib shell32.lib ole32.lib oleaut32.lib uuid.lib odbc32.lib odbccp32.lib /MANIFEST /ManifestFile:"Debug\assignment2.exe.intermediate.manifest" /MANIFESTUAC:"level='asInvoker' uiAccess='false'" /DEBUG /PDB:"C:\Users\HCI2\Desktop\assignment2_1\Debug\assignment2.pdb" /SUBSYSTEM:CONSOLE /TLBID:1 /DYNAMICBASE /NXCOMPAT /IMPLIB:"C:\Users\HCI2\Desktop\assignment2_1\Debug\assignment2.lib" /MACHINE:X86 Debug\assignment2.exe.embed.manifest.res
  Debug\Application.obj
  Debug\DepthCamera.obj
  Debug\DepthCameraException.obj
  Debug\main.obj
Manifest:
  C:\Program Files\Microsoft SDKs\Windows\v7.0A\bin\mt.exe /nologo /verbose /out:"Debug\assignment2.exe.embed.manifest" /manifest Debug\assignment2.exe.intermediate.manifest
  Alle Ausgaben sind aktuell.
LinkEmbedManifest:
  Alle Ausgaben sind aktuell.
  assignment2.vcxproj -> C:\Users\HCI2\Desktop\assignment2_1\Debug\assignment2.exe
FinalizeBuildStatus:
  Die Datei "Debug\assignment2.unsuccessfulbuild" wird gelöscht.
  Aktualisieren des Timestamps von "Debug\assignment2.lastbuildstate".
Die Erstellung des Projekts "C:\Users\HCI2\Desktop\assignment2_1\assignment2.vcxproj" ist abgeschlossen, build Ziel(e).

Das Erstellen war erfolgreich.

Verstrichene Zeit 00:00:01.75
