Der Buildvorgang wurde am 20.05.2014 11:53:52 gestartet.
Projekt "C:\Users\HCI2\Documents\HCI-Projects\6 - Handwriting Recognition\assignment6.vcxproj" auf Knoten "2", build Ziel(e).
InitializeBuildStatus:
  "Release\assignment06.unsuccessfulbuild" wird erstellt, da "AlwaysCreate" angegeben wurde.
ClCompile:
  C:\Program Files\Microsoft Visual Studio 10.0\VC\bin\CL.exe /c /I"C:\Program Files\OpenNI\Include" /IC:\opencv\build\include /Zi /nologo /W3 /WX- /O2 /Oi /Oy- /GL /D WIN32 /D NDEBUG /D _CONSOLE /D _UNICODE /D UNICODE /Gm- /EHsc /MD /GS /Gy /fp:precise /Zc:wchar_t /Zc:forScope /Fo"Release\\" /Fd"Release\vc100.pdb" /Gd /TP /analyze- /errorReport:prompt Application.cpp DepthCamera.cpp DepthCameraException.cpp main.cpp
  Application.cpp
  DepthCamera.cpp
DepthCamera.cpp(29): warning C4996: 'xn::Context::InitFromXmlFile': Use other overload!
          C:\Program Files\OpenNI\Include\XnCppWrapper.h(5576): Siehe Deklaration von 'xn::Context::InitFromXmlFile'
DepthCamera.cpp(67): warning C4996: 'xn::Context::Shutdown': You may use Release() instead, or count on dtor
          C:\Program Files\OpenNI\Include\XnCppWrapper.h(5706): Siehe Deklaration von 'xn::Context::Shutdown'
  DepthCameraException.cpp
  main.cpp
Link:
  C:\Program Files\Microsoft Visual Studio 10.0\VC\bin\link.exe /ERRORREPORT:PROMPT /OUT:"C:\Users\HCI2\Documents\HCI-Projects\6 - Handwriting Recognition\Release\assignment06.exe" /INCREMENTAL:NO /NOLOGO /LIBPATH:"C:\Program Files\OpenNI\Lib" /LIBPATH:C:\opencv\build\x86\vc10\lib OpenNI.lib opencv_core231.lib opencv_imgproc231.lib opencv_highgui231.lib opencv_video231.lib kernel32.lib user32.lib gdi32.lib winspool.lib comdlg32.lib advapi32.lib shell32.lib ole32.lib oleaut32.lib uuid.lib odbc32.lib odbccp32.lib kernel32.lib user32.lib gdi32.lib winspool.lib comdlg32.lib advapi32.lib shell32.lib ole32.lib oleaut32.lib uuid.lib odbc32.lib odbccp32.lib /MANIFEST /ManifestFile:"Release\assignment06.exe.intermediate.manifest" /MANIFESTUAC:"level='asInvoker' uiAccess='false'" /DEBUG /PDB:"C:\Users\HCI2\Documents\HCI-Projects\6 - Handwriting Recognition\Release\assignment06.pdb" /SUBSYSTEM:CONSOLE /OPT:REF /OPT:ICF /LTCG /TLBID:1 /DYNAMICBASE /NXCOMPAT /IMPLIB:"C:\Users\HCI2\Documents\HCI-Projects\6 - Handwriting Recognition\Release\assignment06.lib" /MACHINE:X86 Release\Application.obj
  Release\DepthCamera.obj
  Release\DepthCameraException.obj
  Release\main.obj
  Code wird generiert.
  Codegenerierung ist abgeschlossen.
  assignment6.vcxproj -> C:\Users\HCI2\Documents\HCI-Projects\6 - Handwriting Recognition\Release\assignment06.exe
Manifest:
  C:\Program Files\Microsoft SDKs\Windows\v7.0A\bin\mt.exe /nologo /verbose /outputresource:"C:\Users\HCI2\Documents\HCI-Projects\6 - Handwriting Recognition\Release\assignment06.exe;#1" /manifest Release\assignment06.exe.intermediate.manifest
FinalizeBuildStatus:
  Die Datei "Release\assignment06.unsuccessfulbuild" wird gelöscht.
  Aktualisieren des Timestamps von "Release\assignment06.lastbuildstate".
Die Erstellung des Projekts "C:\Users\HCI2\Documents\HCI-Projects\6 - Handwriting Recognition\assignment6.vcxproj" ist abgeschlossen, build Ziel(e).

Das Erstellen war erfolgreich.

Verstrichene Zeit 00:00:02.99
