Der Buildvorgang wurde am 26.04.2014 16:59:53 gestartet.
Projekt "C:\Users\HCI2\Desktop\assignment2_1\assignment2.vcxproj" auf Knoten "2", build Ziel(e).
InitializeBuildStatus:
  "Release\assignment2.unsuccessfulbuild" wird erstellt, da "AlwaysCreate" angegeben wurde.
ClCompile:
  C:\Program Files\Microsoft Visual Studio 10.0\VC\bin\CL.exe /c /I"C:\Program Files\OpenNI\Include" /IC:\opencv\build\include /Zi /nologo /W3 /WX- /O2 /Oi /Oy- /GL /D WIN32 /D NDEBUG /D _CONSOLE /D _UNICODE /D UNICODE /Gm- /EHsc /MD /GS /Gy /fp:precise /Zc:wchar_t /Zc:forScope /Fo"Release\\" /Fd"Release\vc100.pdb" /Gd /TP /analyze- /errorReport:prompt Application.cpp
  Application.cpp
Link:
  C:\Program Files\Microsoft Visual Studio 10.0\VC\bin\link.exe /ERRORREPORT:PROMPT /OUT:"C:\Users\HCI2\Desktop\assignment2_1\Release\assignment2.exe" /INCREMENTAL:NO /NOLOGO /LIBPATH:"C:\Program Files\OpenNI\Lib" /LIBPATH:C:\opencv\build\x86\vc10\lib OpenNI.lib opencv_core231.lib opencv_imgproc231.lib opencv_highgui231.lib opencv_video231.lib kernel32.lib user32.lib gdi32.lib winspool.lib comdlg32.lib advapi32.lib shell32.lib ole32.lib oleaut32.lib uuid.lib odbc32.lib odbccp32.lib kernel32.lib user32.lib gdi32.lib winspool.lib comdlg32.lib advapi32.lib shell32.lib ole32.lib oleaut32.lib uuid.lib odbc32.lib odbccp32.lib /MANIFEST /ManifestFile:"Release\assignment2.exe.intermediate.manifest" /MANIFESTUAC:"level='asInvoker' uiAccess='false'" /DEBUG /PDB:"C:\Users\HCI2\Desktop\assignment2_1\Release\assignment2.pdb" /SUBSYSTEM:CONSOLE /OPT:REF /OPT:ICF /LTCG /TLBID:1 /DYNAMICBASE /NXCOMPAT /IMPLIB:"C:\Users\HCI2\Desktop\assignment2_1\Release\assignment2.lib" /MACHINE:X86 Release\Application.obj
  Release\DepthCamera.obj
  Release\DepthCameraException.obj
  Release\main.obj
  Code wird generiert.
  Codegenerierung ist abgeschlossen.
  assignment2.vcxproj -> C:\Users\HCI2\Desktop\assignment2_1\Release\assignment2.exe
Manifest:
  C:\Program Files\Microsoft SDKs\Windows\v7.0A\bin\mt.exe /nologo /verbose /outputresource:"C:\Users\HCI2\Desktop\assignment2_1\Release\assignment2.exe;#1" /manifest Release\assignment2.exe.intermediate.manifest
FinalizeBuildStatus:
  Die Datei "Release\assignment2.unsuccessfulbuild" wird gelöscht.
  Aktualisieren des Timestamps von "Release\assignment2.lastbuildstate".
Die Erstellung des Projekts "C:\Users\HCI2\Desktop\assignment2_1\assignment2.vcxproj" ist abgeschlossen, build Ziel(e).

Das Erstellen war erfolgreich.

Verstrichene Zeit 00:00:02.81
